-------------------------------------------------------------------------------
Test set: test.LocalServiceTest
-------------------------------------------------------------------------------
Tests run: 1, Failures: 0, Errors: 1, Skipped: 0, Time elapsed: 0.001 s <<< FAILURE! - in test.LocalServiceTest
initializationError(test.LocalServiceTest)  Time elapsed: 0.001 s  <<< ERROR!
java.lang.Exception: No runnable methods

