-------------------------------------------------------------------------------
Test set: com.example.demo.TerraTerraApplicationTests
-------------------------------------------------------------------------------
Tests run: 1, Failures: 0, Errors: 1, Skipped: 0, Time elapsed: 14.146 s <<< FAILURE! - in com.example.demo.TerraTerraApplicationTests
contextLoads(com.example.demo.TerraTerraApplicationTests)  Time elapsed: 0.003 s  <<< ERROR!
java.lang.IllegalStateException: Failed to load ApplicationContext
Caused by: org.springframework.beans.factory.UnsatisfiedDependencyException: 
Error creating bean with name 'documentationPluginsBootstrapper' defined in URL [jar:file:/C:/Users/simone.abenante/.m2/repository/io/springfox/springfox-spring-web/2.9.2/springfox-spring-web-2.9.2.jar!/springfox/documentation/spring/web/plugins/DocumentationPluginsBootstrapper.class]: Unsatisfied dependency expressed through constructor parameter 1; nested exception is org.springframework.beans.factory.UnsatisfiedDependencyException: Error creating bean with name 'webMvcRequestHandlerProvider' defined in URL [jar:file:/C:/Users/simone.abenante/.m2/repository/io/springfox/springfox-spring-web/2.9.2/springfox-spring-web-2.9.2.jar!/springfox/documentation/spring/web/plugins/WebMvcRequestHandlerProvider.class]: Unsatisfied dependency expressed through constructor parameter 1; nested exception is org.springframework.beans.factory.BeanCreationException: Error creating bean with name 'requestMappingHandlerMapping' defined in class path resource [org/springframework/boot/autoconfigure/web/servlet/WebMvcAutoConfiguration$EnableWebMvcConfiguration.class]: Invocation of init method failed; nested exception is java.lang.IllegalStateException: Ambiguous mapping. Cannot map 'comanderController' method 
public java.lang.Boolean controller.ComanderController.deleteOrder(dto.Comander)
to {DELETE /comand/delete, produces [application/json]}: There is already 'comanderController' bean method
public java.util.List<dto.JobDto> controller.ComanderController.deleteJobFromOrder(dto.Comander,int) mapped.
Caused by: org.springframework.beans.factory.UnsatisfiedDependencyException: 
Error creating bean with name 'webMvcRequestHandlerProvider' defined in URL [jar:file:/C:/Users/simone.abenante/.m2/repository/io/springfox/springfox-spring-web/2.9.2/springfox-spring-web-2.9.2.jar!/springfox/documentation/spring/web/plugins/WebMvcRequestHandlerProvider.class]: Unsatisfied dependency expressed through constructor parameter 1; nested exception is org.springframework.beans.factory.BeanCreationException: Error creating bean with name 'requestMappingHandlerMapping' defined in class path resource [org/springframework/boot/autoconfigure/web/servlet/WebMvcAutoConfiguration$EnableWebMvcConfiguration.class]: Invocation of init method failed; nested exception is java.lang.IllegalStateException: Ambiguous mapping. Cannot map 'comanderController' method 
public java.lang.Boolean controller.ComanderController.deleteOrder(dto.Comander)
to {DELETE /comand/delete, produces [application/json]}: There is already 'comanderController' bean method
public java.util.List<dto.JobDto> controller.ComanderController.deleteJobFromOrder(dto.Comander,int) mapped.
Caused by: org.springframework.beans.factory.BeanCreationException: 
Error creating bean with name 'requestMappingHandlerMapping' defined in class path resource [org/springframework/boot/autoconfigure/web/servlet/WebMvcAutoConfiguration$EnableWebMvcConfiguration.class]: Invocation of init method failed; nested exception is java.lang.IllegalStateException: Ambiguous mapping. Cannot map 'comanderController' method 
public java.lang.Boolean controller.ComanderController.deleteOrder(dto.Comander)
to {DELETE /comand/delete, produces [application/json]}: There is already 'comanderController' bean method
public java.util.List<dto.JobDto> controller.ComanderController.deleteJobFromOrder(dto.Comander,int) mapped.
Caused by: java.lang.IllegalStateException: 
Ambiguous mapping. Cannot map 'comanderController' method 
public java.lang.Boolean controller.ComanderController.deleteOrder(dto.Comander)
to {DELETE /comand/delete, produces [application/json]}: There is already 'comanderController' bean method
public java.util.List<dto.JobDto> controller.ComanderController.deleteJobFromOrder(dto.Comander,int) mapped.

